<?xml version="1.0" encoding="UTF-8"?>
<!-- Generated by org.testng.reporters.JUnitReportReporter -->
<testsuite hostname="Dell" failures="0" tests="2" name="Tests.InventoryTest" time="12.078" errors="0" timestamp="2025-08-04T19:21:10 IST" skipped="0">
  <testcase classname="Tests.InventoryTest" name="addItemToCartTest" time="6.997"/>
  <testcase classname="Tests.InventoryTest" name="addItemThenVerifyButtonText" time="5.081"/>
</testsuite> <!-- Tests.InventoryTest -->
