<?xml version="1.0" encoding="UTF-8"?>
<!-- Generated by org.testng.reporters.JUnitReportReporter -->
<testsuite hostname="Dell" failures="0" tests="10" name="Tests.LoginTest" time="31.353" errors="0" timestamp="2025-08-04T19:21:10 IST" skipped="0">
  <testcase classname="Tests.LoginTest" name="longUsernamePasswordTest" time="3.186"/>
  <testcase classname="Tests.LoginTest" name="invalidPasswordTest" time="4.119"/>
  <testcase classname="Tests.LoginTest" name="sqlInjectionAttemptTest" time="3.014"/>
  <testcase classname="Tests.LoginTest" name="emptyUsernameTest" time="2.643"/>
  <testcase classname="Tests.LoginTest" name="lockedOutUserTest" time="3.091"/>
  <testcase classname="Tests.LoginTest" name="invalidUsernameTest" time="2.864"/>
  <testcase classname="Tests.LoginTest" name="loginWithValidCredentials" time="2.700"/>
  <testcase classname="Tests.LoginTest" name="whitespaceInUsernamePasswordTest" time="3.437"/>
  <testcase classname="Tests.LoginTest" name="emptyUsernameAndPasswordTest" time="2.948"/>
  <testcase classname="Tests.LoginTest" name="emptyPasswordTest" time="3.351"/>
</testsuite> <!-- Tests.LoginTest -->
