<?xml version="1.0" encoding="UTF-8"?>
<!-- Generated by org.testng.reporters.JUnitReportReporter -->
<testsuite hostname="Dell" failures="0" tests="2" name="Tests.CheckoutTest" time="8.238" errors="0" timestamp="2025-08-04T19:21:10 IST" skipped="0">
  <testcase classname="Tests.CheckoutTest" name="checkoutWithMissingUserDetails" time="4.162"/>
  <testcase classname="Tests.CheckoutTest" name="completeCheckoutFlowSuccessfully" time="4.076"/>
</testsuite> <!-- Tests.CheckoutTest -->
