<?xml version="1.0" encoding="UTF-8"?>
<!-- Generated by org.testng.reporters.JUnitReportReporter -->
<testsuite hostname="Dell" failures="0" tests="3" name="Tests.CartTest" time="15.466" errors="0" timestamp="2025-08-04T19:21:10 IST" skipped="0">
  <testcase classname="Tests.CartTest" name="verifyItemAddedToCartAndProceedCheckout" time="3.671"/>
  <testcase classname="Tests.CartTest" name="removeItemAndCheckCartEmpty" time="8.489"/>
  <testcase classname="Tests.CartTest" name="tryProceedingToCheckoutWithoutItem" time="3.306"/>
</testsuite> <!-- Tests.CartTest -->
